<?xml version="1.0" encoding="UTF-8"?>
<testsuites tests="164" failures="0" disabled="1" errors="0" timestamp="2016-06-01T05:49:32" time="3.137" name="AllTests">
  <testsuite name="UtilityTest" tests="3" failures="0" disabled="0" errors="0" time="0.005">
    <testcase name="GetValueForKey" value_param="" type_param="" status="run" time="0.005" classname="UtilityTest" />
    <testcase name="NegativeGetValueForKey1" value_param="" type_param="" status="run" time="0" classname="UtilityTest" />
    <testcase name="NegativeGetValueForKey2" value_param="" type_param="" status="run" time="0" classname="UtilityTest" />
  </testsuite>
  <testsuite name="ThreadManagerTest" tests="1" failures="0" disabled="0" errors="0" time="0">
    <testcase name="CreateInfoDestroy" value_param="" type_param="" status="run" time="0" classname="ThreadManagerTest" />
  </testsuite>
  <testsuite name="DLTConverterTest" tests="6" failures="0" disabled="0" errors="0" time="0.001">
    <testcase name="DoConvertDLTInfoReq" value_param="" type_param="" status="run" time="0" classname="DLTConverterTest" />
    <testcase name="DoConvertDLTDebugReq" value_param="" type_param="" status="run" time="0.001" classname="DLTConverterTest" />
    <testcase name="DoConvertDLTErrorReq" value_param="" type_param="" status="run" time="0" classname="DLTConverterTest" />
    <testcase name="DoConvertDLTFatalReq" value_param="" type_param="" status="run" time="0" classname="DLTConverterTest" />
    <testcase name="DoConvertDLTWarnReq" value_param="" type_param="" status="run" time="0" classname="DLTConverterTest" />
    <testcase name="DoConvertDLTVerboseReq" value_param="" type_param="" status="run" time="0" classname="DLTConverterTest" />
  </testsuite>
  <testsuite name="CORBAConverterTest" tests="7" failures="0" disabled="0" errors="0" time="0.001">
    <testcase name="DoConvertCORBAReqTerrainData" value_param="" type_param="" status="run" time="0" classname="CORBAConverterTest" />
    <testcase name="DoConvertCORBATerrainResp" value_param="" type_param="" status="run" time="0" classname="CORBAConverterTest" />
    <testcase name="DoConvertCORBAReq" value_param="" type_param="" status="run" time="0.001" classname="CORBAConverterTest" />
    <testcase name="DoConvertCORBAReqNegative" value_param="" type_param="" status="run" time="0" classname="CORBAConverterTest" />
    <testcase name="DoConvertCORBARespNoData" value_param="" type_param="" status="run" time="0" classname="CORBAConverterTest" />
    <testcase name="DoConvertCORBAReqATPC" value_param="" type_param="" status="run" time="0" classname="CORBAConverterTest" />
    <testcase name="DoConvertCORBAReqATPCNegative" value_param="" type_param="" status="run" time="0" classname="CORBAConverterTest" />
  </testsuite>
  <testsuite name="LSACVehicleBusSignalHandlerTest" tests="5" failures="0" disabled="0" errors="0" time="0.001">
    <testcase name="GetSigValueForJsonKey" value_param="" type_param="" status="run" time="0" classname="LSACVehicleBusSignalHandlerTest" />
    <testcase name="handleLowerScreenRegisterRequest" value_param="" type_param="" status="run" time="0" classname="LSACVehicleBusSignalHandlerTest" />
    <testcase name="handleLowerScreenRegisterRequest_EmptyFeature" value_param="" type_param="" status="run" time="0" classname="LSACVehicleBusSignalHandlerTest" />
    <testcase name="handleLowerScreenUnRegisterRequestNoPriorRegister" value_param="" type_param="" status="run" time="0" classname="LSACVehicleBusSignalHandlerTest" />
    <testcase name="handleLowerScreenUnRegisterRequestWithPriorRegister" value_param="" type_param="" status="run" time="0" classname="LSACVehicleBusSignalHandlerTest" />
  </testsuite>
  <testsuite name="PDMDbusConverterTest" tests="88" failures="0" disabled="0" errors="0" time="1.891">
    <testcase name="MID_CLMT_ACTIVATION_REQ" value_param="" type_param="" status="run" time="0.013" classname="PDMDbusConverterTest" />
    <testcase name="MID_CLMT_SET_TEMP_LEVEL_REQ" value_param="" type_param="" status="run" time="0.004" classname="PDMDbusConverterTest" />
    <testcase name="MID_CLMT_ACT_ZNE_AIR_DSTN_REQ_1" value_param="" type_param="" status="run" time="0.003" classname="PDMDbusConverterTest" />
    <testcase name="MID_CLMT_ACT_ZNE_AIR_DSTN_REQ_2" value_param="" type_param="" status="run" time="0.007" classname="PDMDbusConverterTest" />
    <testcase name="MID_CLMT_ACT_ZNE_AIR_DSTN_REQ_3" value_param="" type_param="" status="run" time="0.011" classname="PDMDbusConverterTest" />
    <testcase name="MID_CLMT_ACT_ZNE_AIR_DSTN_REQ_4" value_param="" type_param="" status="run" time="0.032" classname="PDMDbusConverterTest" />
    <testcase name="MID_CLMT_ACT_ZNE_AIR_DSTN_REQ_5" value_param="" type_param="" status="run" time="0.023" classname="PDMDbusConverterTest" />
    <testcase name="MID_CLMT_ACT_ZNE_AIR_DSTN_REQ_6" value_param="" type_param="" status="run" time="0.025" classname="PDMDbusConverterTest" />
    <testcase name="MID_CLMT_ACT_ZNE_AIR_DSTN_REQ_7" value_param="" type_param="" status="run" time="0.014" classname="PDMDbusConverterTest" />
    <testcase name="MID_CLMT_ACT_ZNE_AIR_DSTN_REQ_8" value_param="" type_param="" status="run" time="0.019" classname="PDMDbusConverterTest" />
    <testcase name="MID_CLMT_ACT_ZNE_AIR_DSTN_REQ_9" value_param="" type_param="" status="run" time="0.031" classname="PDMDbusConverterTest" />
    <testcase name="MID_CLMT_ACT_ZNE_AIR_DSTN_REQ_10" value_param="" type_param="" status="run" time="0.01" classname="PDMDbusConverterTest" />
    <testcase name="MID_CLMT_ACT_ZNE_AIR_DSTN_REQ_11" value_param="" type_param="" status="run" time="0.019" classname="PDMDbusConverterTest" />
    <testcase name="MID_CLMT_ACT_ZNE_AIR_DSTN_REQ_12" value_param="" type_param="" status="run" time="0.032" classname="PDMDbusConverterTest" />
    <testcase name="MID_CLMT_ACT_ZNE_AIR_DSTN_REQ_13" value_param="" type_param="" status="run" time="0.013" classname="PDMDbusConverterTest" />
    <testcase name="MID_CLMT_ACT_ZNE_AIR_DSTN_REQ_14" value_param="" type_param="" status="run" time="0.021" classname="PDMDbusConverterTest" />
    <testcase name="MID_CLMT_ACT_ZNE_AIR_DSTN_REQ_15" value_param="" type_param="" status="run" time="0.026" classname="PDMDbusConverterTest" />
    <testcase name="MID_CLMT_ACT_ZNE_AIR_DSTN_REQ_16" value_param="" type_param="" status="run" time="0.015" classname="PDMDbusConverterTest" />
    <testcase name="MID_CLMT_ACT_ZNE_AIR_DSTN_REQ_17" value_param="" type_param="" status="run" time="0.018" classname="PDMDbusConverterTest" />
    <testcase name="MID_CLMT_ACT_ZNE_AIR_DSTN_REQ_18" value_param="" type_param="" status="run" time="0.043" classname="PDMDbusConverterTest" />
    <testcase name="MID_CLMT_ACT_ZNE_AIR_DSTN_REQ_19" value_param="" type_param="" status="run" time="0.025" classname="PDMDbusConverterTest" />
    <testcase name="MID_CLMT_ACT_ZNE_AIR_DSTN_REQ_20" value_param="" type_param="" status="run" time="0.008" classname="PDMDbusConverterTest" />
    <testcase name="MID_CLMT_ACT_ZNE_AIR_DSTN_REQ_21" value_param="" type_param="" status="run" time="0.03" classname="PDMDbusConverterTest" />
    <testcase name="MID_CLMT_ACT_ZNE_AIR_DSTN_REQ_22" value_param="" type_param="" status="run" time="0.02" classname="PDMDbusConverterTest" />
    <testcase name="MID_CLMT_ACT_ZNE_AIR_DSTN_REQ_23" value_param="" type_param="" status="run" time="0.027" classname="PDMDbusConverterTest" />
    <testcase name="MID_CLMT_ACT_ZNE_AIR_DSTN_REQ_24" value_param="" type_param="" status="run" time="0.014" classname="PDMDbusConverterTest" />
    <testcase name="MID_CLMT_ACT_ZNE_AIR_DSTN_REQ_25" value_param="" type_param="" status="run" time="0.015" classname="PDMDbusConverterTest" />
    <testcase name="MID_CLMT_ACT_ZNE_AIR_DSTN_REQ_26" value_param="" type_param="" status="run" time="0.031" classname="PDMDbusConverterTest" />
    <testcase name="MID_CLMT_ACT_ZNE_AIR_DSTN_REQ_27" value_param="" type_param="" status="run" time="0.016" classname="PDMDbusConverterTest" />
    <testcase name="MID_CLMT_ACT_ZNE_AIR_DSTN_REQ_28" value_param="" type_param="" status="run" time="0.017" classname="PDMDbusConverterTest" />
    <testcase name="MID_CLMT_ACT_ZNE_AIR_DSTN_REQ_29" value_param="" type_param="" status="run" time="0.027" classname="PDMDbusConverterTest" />
    <testcase name="MID_CLMT_ACT_ZNE_AIR_DSTN_REQ_30" value_param="" type_param="" status="run" time="0.017" classname="PDMDbusConverterTest" />
    <testcase name="MID_CLMT_ACT_ZNE_AIR_DSTN_REQ_31" value_param="" type_param="" status="run" time="0.019" classname="PDMDbusConverterTest" />
    <testcase name="MID_CLMT_ACT_ZNE_AIR_DSTN_REQ_32" value_param="" type_param="" status="run" time="0.028" classname="PDMDbusConverterTest" />
    <testcase name="MID_CLMT_REAR_CLIMATE_REQ_ON" value_param="" type_param="" status="run" time="0.036" classname="PDMDbusConverterTest" />
    <testcase name="MID_CLMT_REAR_CLIMATE_REQ_OFF" value_param="" type_param="" status="run" time="0.009" classname="PDMDbusConverterTest" />
    <testcase name="MID_CLMT_SMOG_SNSTVTY_LVL_REQ_OFF" value_param="" type_param="" status="run" time="0.026" classname="PDMDbusConverterTest" />
    <testcase name="MID_CLMT_SMOG_SNSTVTY_LVL_REQ_LOW" value_param="" type_param="" status="run" time="0.01" classname="PDMDbusConverterTest" />
    <testcase name="MID_CLMT_SMOG_SNSTVTY_LVL_REQ_HIGH" value_param="" type_param="" status="run" time="0.026" classname="PDMDbusConverterTest" />
    <testcase name="MID_CLMT_SMOG_SNSTVTY_LVL_REQ_MEDIUM" value_param="" type_param="" status="run" time="0.017" classname="PDMDbusConverterTest" />
    <testcase name="MID_CLMT_REAR_PANEL_LOCK_REQ" value_param="" type_param="" status="run" time="0.014" classname="PDMDbusConverterTest" />
    <testcase name="MID_NEGATIVE_TEST_CASE_1" value_param="" type_param="" status="run" time="0.03" classname="PDMDbusConverterTest" />
    <testcase name="MID_NOT_SUPPORTED" value_param="" type_param="" status="run" time="0.026" classname="PDMDbusConverterTest" />
    <testcase name="ANY_RESP" value_param="" type_param="" status="run" time="0.008" classname="PDMDbusConverterTest" />
    <testcase name="NOTSUPPORTED_RESP" value_param="" type_param="" status="run" time="0.018" classname="PDMDbusConverterTest" />
    <testcase name="MID_CLMT_MIN_REAR_FAN_LVL_NTFY" value_param="" type_param="" status="run" time="0.033" classname="PDMDbusConverterTest" />
    <testcase name="PDM_GetClimateStatus" value_param="" type_param="" status="run" time="0.01" classname="PDMDbusConverterTest" />
    <testcase name="PDM_GetRearClimateStatus" value_param="" type_param="" status="run" time="0.031" classname="PDMDbusConverterTest" />
    <testcase name="PDM_GetMaxAC" value_param="" type_param="" status="run" time="0.026" classname="PDMDbusConverterTest" />
    <testcase name="PDM_GetFrontClimateACStatus" value_param="" type_param="" status="run" time="0.02" classname="PDMDbusConverterTest" />
    <testcase name="PDM_GetFrontScreenHeatStatus" value_param="" type_param="" status="run" time="0.017" classname="PDMDbusConverterTest" />
    <testcase name="PDM_GetRearPanelLockStatus" value_param="" type_param="" status="run" time="0.03" classname="PDMDbusConverterTest" />
    <testcase name="PDM_GetClimateZoneSynchStatus" value_param="" type_param="" status="run" time="0.031" classname="PDMDbusConverterTest" />
    <testcase name="PDM_GetZoneIsMaxTempLevel" value_param="" type_param="" status="run" time="0.024" classname="PDMDbusConverterTest" />
    <testcase name="PDM_GetZoneIsMinTempLevel" value_param="" type_param="" status="run" time="0.008" classname="PDMDbusConverterTest" />
    <testcase name="PDM_GetTemperatureUnit" value_param="" type_param="" status="run" time="0.025" classname="PDMDbusConverterTest" />
    <testcase name="PDM_GetZoneTemperature_0" value_param="" type_param="" status="run" time="0.019" classname="PDMDbusConverterTest" />
    <testcase name="PDM_GetZoneTemperature_1" value_param="" type_param="" status="run" time="0.02" classname="PDMDbusConverterTest" />
    <testcase name="PDM_GetZoneTemperature_2" value_param="" type_param="" status="run" time="0.029" classname="PDMDbusConverterTest" />
    <testcase name="PDM_GetZoneTemperature_3" value_param="" type_param="" status="run" time="0.017" classname="PDMDbusConverterTest" />
    <testcase name="PDM_GetAutoHeatFrontScreenStatus" value_param="" type_param="" status="run" time="0.04" classname="PDMDbusConverterTest" />
    <testcase name="PDM_GetAutoHeatRearWindowStatus" value_param="" type_param="" status="run" time="0.006" classname="PDMDbusConverterTest" />
    <testcase name="PDM_GetAutoBlowerIntensityStatus" value_param="" type_param="" status="run" time="0.032" classname="PDMDbusConverterTest" />
    <testcase name="PDM_GetSmogSensitivityLevel" value_param="" type_param="" status="run" time="0.016" classname="PDMDbusConverterTest" />
    <testcase name="PDM_GetZoneAirDistrStatus_0" value_param="" type_param="" status="run" time="0.04" classname="PDMDbusConverterTest" />
    <testcase name="PDM_GetZoneAirDistrStatus_1" value_param="" type_param="" status="run" time="0.011" classname="PDMDbusConverterTest" />
    <testcase name="PDM_GetZoneAirDistrStatus_2" value_param="" type_param="" status="run" time="0.026" classname="PDMDbusConverterTest" />
    <testcase name="PDM_GetZoneAirDistrStatus_3" value_param="" type_param="" status="run" time="0.031" classname="PDMDbusConverterTest" />
    <testcase name="PDM_GetZoneAirDistrStatus_4" value_param="" type_param="" status="run" time="0.026" classname="PDMDbusConverterTest" />
    <testcase name="PDM_GetZoneAirDistrStatus_5" value_param="" type_param="" status="run" time="0.026" classname="PDMDbusConverterTest" />
    <testcase name="PDM_GetZoneAirDistrStatus_6" value_param="" type_param="" status="run" time="0.01" classname="PDMDbusConverterTest" />
    <testcase name="PDM_GetIoniserState" value_param="" type_param="" status="run" time="0.029" classname="PDMDbusConverterTest" />
    <testcase name="PDM_GetRearWindowHeatStatus" value_param="" type_param="" status="run" time="0.023" classname="PDMDbusConverterTest" />
    <testcase name="PDM_GetRearBoostBlwrCmd" value_param="" type_param="" status="run" time="0.026" classname="PDMDbusConverterTest" />
    <testcase name="PDM_GetExternalTemperature" value_param="" type_param="" status="run" time="0.013" classname="PDMDbusConverterTest" />
    <testcase name="PDM_GetDefrostStatus" value_param="" type_param="" status="run" time="0.03" classname="PDMDbusConverterTest" />
    <testcase name="PDM_GetRecirculationMode" value_param="" type_param="" status="run" time="0.028" classname="PDMDbusConverterTest" />
    <testcase name="ROTARY_1" value_param="" type_param="" status="run" time="0.022" classname="PDMDbusConverterTest" />
    <testcase name="ROTARY_2" value_param="" type_param="" status="run" time="0.012" classname="PDMDbusConverterTest" />
    <testcase name="ROTARY_3" value_param="" type_param="" status="run" time="0.024" classname="PDMDbusConverterTest" />
    <testcase name="ROTARY_4" value_param="" type_param="" status="run" time="0.032" classname="PDMDbusConverterTest" />
    <testcase name="ROTARY_5" value_param="" type_param="" status="run" time="0.006" classname="PDMDbusConverterTest" />
    <testcase name="ROTARY_6" value_param="" type_param="" status="run" time="0.025" classname="PDMDbusConverterTest" />
    <testcase name="ROTARY_7" value_param="" type_param="" status="run" time="0.008" classname="PDMDbusConverterTest" />
    <testcase name="ROTARY_8" value_param="" type_param="" status="run" time="0.029" classname="PDMDbusConverterTest" />
    <testcase name="ROTARY_9" value_param="" type_param="" status="run" time="0.022" classname="PDMDbusConverterTest" />
    <testcase name="ROTARY_10" value_param="" type_param="" status="run" time="0.009" classname="PDMDbusConverterTest" />
    <testcase name="PDM_GetPopUpRepeatCmd" value_param="" type_param="" status="run" time="0.052" classname="PDMDbusConverterTest" />
  </testsuite>
  <testsuite name="EventQueueProcessorTest" tests="1" failures="0" disabled="1" errors="0" time="0">
    <testcase name="DISABLED_DSM_VBSH_STUB" value_param="" type_param="" status="notrun" time="0" classname="EventQueueProcessorTest" />
  </testsuite>
  <testsuite name="AFWDictionaryTest" tests="2" failures="0" disabled="0" errors="0" time="0">
    <testcase name="GetValueForAFWKey" value_param="" type_param="" status="run" time="0" classname="AFWDictionaryTest" />
    <testcase name="GetAFWKey" value_param="" type_param="" status="run" time="0" classname="AFWDictionaryTest" />
  </testsuite>
  <testsuite name="PDMDbusConverterSeatsTest" tests="27" failures="0" disabled="0" errors="0" time="0.595">
    <testcase name="MID_SEATS_TEMP_CTRL_ON_REQ_1" value_param="" type_param="" status="run" time="0.023" classname="PDMDbusConverterSeatsTest" />
    <testcase name="MID_SEATS_TEMP_CTRL_ON_REQ_2" value_param="" type_param="" status="run" time="0.017" classname="PDMDbusConverterSeatsTest" />
    <testcase name="MID_SEATS_TEMP_CTRL_ON_REQ_3" value_param="" type_param="" status="run" time="0.024" classname="PDMDbusConverterSeatsTest" />
    <testcase name="MID_SEATS_TEMP_CTRL_ON_REQ_4" value_param="" type_param="" status="run" time="0.031" classname="PDMDbusConverterSeatsTest" />
    <testcase name="MID_SEATS_TEMP_OFF_REQ_1" value_param="" type_param="" status="run" time="0.007" classname="PDMDbusConverterSeatsTest" />
    <testcase name="MID_SEATS_TEMP_OFF_REQ_2" value_param="" type_param="" status="run" time="0.032" classname="PDMDbusConverterSeatsTest" />
    <testcase name="MID_SEATS_TEMP_OFF_REQ_3" value_param="" type_param="" status="run" time="0.029" classname="PDMDbusConverterSeatsTest" />
    <testcase name="MID_SEATS_TEMP_OFF_REQ_4" value_param="" type_param="" status="run" time="0.015" classname="PDMDbusConverterSeatsTest" />
    <testcase name="MID_SEATS_SET_SEAT_TEMP_REQ" value_param="" type_param="" status="run" time="0.017" classname="PDMDbusConverterSeatsTest" />
    <testcase name="MID_SEATS_MODE_SEAT_ZONE_REQ" value_param="" type_param="" status="run" time="0.029" classname="PDMDbusConverterSeatsTest" />
    <testcase name="MID_SEATS_SET_MSSG_INTNSTY_REQ" value_param="" type_param="" status="run" time="0.016" classname="PDMDbusConverterSeatsTest" />
    <testcase name="MID_SEATS_DCT_ACCESS_MSSG_REQ" value_param="" type_param="" status="run" time="0.016" classname="PDMDbusConverterSeatsTest" />
    <testcase name="MID_SEATS_ACT_ACCESS_MSSG_REQ" value_param="" type_param="" status="run" time="0.03" classname="PDMDbusConverterSeatsTest" />
    <testcase name="MID_SEATS_SET_MSSG_MDE_REQ" value_param="" type_param="" status="run" time="0.018" classname="PDMDbusConverterSeatsTest" />
    <testcase name="MID_SEATS_AUTO_MSG_CTRL_REQ_ACTIVATE" value_param="" type_param="" status="run" time="0.032" classname="PDMDbusConverterSeatsTest" />
    <testcase name="MID_SEATS_AUTO_MSG_CTRL_REQ_DEACTIVATE" value_param="" type_param="" status="run" time="0.011" classname="PDMDbusConverterSeatsTest" />
    <testcase name="MID_SEATS_REAR_EASY_ENTRY_REQ_ACTIVATE" value_param="" type_param="" status="run" time="0.019" classname="PDMDbusConverterSeatsTest" />
    <testcase name="MID_SEATS_REAR_EASY_ENTRY_REQ_DEACTIVATE" value_param="" type_param="" status="run" time="0.013" classname="PDMDbusConverterSeatsTest" />
    <testcase name="PDM_GetZoneSeatTempLevel" value_param="" type_param="" status="run" time="0.03" classname="PDMDbusConverterSeatsTest" />
    <testcase name="PDM_GetZoneSeatZoneSection" value_param="" type_param="" status="run" time="0.019" classname="PDMDbusConverterSeatsTest" />
    <testcase name="PDM_GetZoneSeatMssgIntnsty" value_param="" type_param="" status="run" time="0.027" classname="PDMDbusConverterSeatsTest" />
    <testcase name="PDM_GetZoneSeatMassageStatus_OFF" value_param="" type_param="" status="run" time="0.017" classname="PDMDbusConverterSeatsTest" />
    <testcase name="PDM_GetZoneSeatMassageStatus_ON" value_param="" type_param="" status="run" time="0.03" classname="PDMDbusConverterSeatsTest" />
    <testcase name="PDM_GetZoneMassageMode" value_param="" type_param="" status="run" time="0.02" classname="PDMDbusConverterSeatsTest" />
    <testcase name="PDM_GetAutoMsgStatus_OFF" value_param="" type_param="" status="run" time="0.012" classname="PDMDbusConverterSeatsTest" />
    <testcase name="PDM_GetAutoMsgStatus_ON" value_param="" type_param="" status="run" time="0.029" classname="PDMDbusConverterSeatsTest" />
    <testcase name="PDM_GetRearEasyEntry" value_param="" type_param="" status="run" time="0.031" classname="PDMDbusConverterSeatsTest" />
  </testsuite>
  <testsuite name="PDMDbusConverterMediaTest" tests="22" failures="0" disabled="0" errors="0" time="0.619">
    <testcase name="MID_MM_STOP_REQ" value_param="" type_param="" status="run" time="0.013" classname="PDMDbusConverterMediaTest" />
    <testcase name="PDM_GetBTAudioMetadataInfo" value_param="" type_param="" status="run" time="0.016" classname="PDMDbusConverterMediaTest" />
    <testcase name="PDM_GetBTAudioPlayerState" value_param="" type_param="" status="run" time="0.054" classname="PDMDbusConverterMediaTest" />
    <testcase name="PDM_GetBTAudioActiveStatus" value_param="" type_param="" status="run" time="0.022" classname="PDMDbusConverterMediaTest" />
    <testcase name="PDM_GetAMFMErrorInfo" value_param="" type_param="" status="run" time="0.065" classname="PDMDbusConverterMediaTest" />
    <testcase name="PDM_GetAMFMSeekStatus" value_param="" type_param="" status="run" time="0.03" classname="PDMDbusConverterMediaTest" />
    <testcase name="PDM_GetCACCurrentSource_" value_param="" type_param="" status="run" time="0.016" classname="PDMDbusConverterMediaTest" />
    <testcase name="PDM_GetCACSourceInfo_" value_param="" type_param="" status="run" time="0.03" classname="PDMDbusConverterMediaTest" />
    <testcase name="PDM_GetAMFMStationInfo_" value_param="" type_param="" status="run" time="0.031" classname="PDMDbusConverterMediaTest" />
    <testcase name="PDM_GetTrackMetadata" value_param="" type_param="" status="run" time="0.025" classname="PDMDbusConverterMediaTest" />
    <testcase name="PDM_GetCurrentPlayerState" value_param="" type_param="" status="run" time="0.056" classname="PDMDbusConverterMediaTest" />
    <testcase name="PDM_GetTimePosition" value_param="" type_param="" status="run" time="0.033" classname="PDMDbusConverterMediaTest" />
    <testcase name="PDM_GetPlaybackPos" value_param="" type_param="" status="run" time="0.01" classname="PDMDbusConverterMediaTest" />
    <testcase name="MID_CAC_SSH_CHANGE_SOURCE_REQ" value_param="" type_param="" status="run" time="0.031" classname="PDMDbusConverterMediaTest" />
    <testcase name="MID_AMFM_SEEK_REQ_DOWN" value_param="" type_param="" status="run" time="0.016" classname="PDMDbusConverterMediaTest" />
    <testcase name="MID_AMFM_SEEK_REQ_UP" value_param="" type_param="" status="run" time="0.036" classname="PDMDbusConverterMediaTest" />
    <testcase name="PDM_GetPhoneCallStatusInfoNotify" value_param="" type_param="" status="run" time="0.025" classname="PDMDbusConverterMediaTest" />
    <testcase name="PDM_GetPhoneMuteUnmuteStatus" value_param="" type_param="" status="run" time="0.015" classname="PDMDbusConverterMediaTest" />
    <testcase name="PDM_GetDeviceConnecInfo" value_param="" type_param="" status="run" time="0.016" classname="PDMDbusConverterMediaTest" />
    <testcase name="PDM_GetDABSLSInfo" value_param="" type_param="" status="run" time="0.036" classname="PDMDbusConverterMediaTest" />
    <testcase name="MID_PHONE_CALL_AUTO_REJECT_REQ" value_param="" type_param="" status="run" time="0.01" classname="PDMDbusConverterMediaTest" />
    <testcase name="MID_PHONE_MUTE_UNMUTE_REQ" value_param="" type_param="" status="run" time="0.031" classname="PDMDbusConverterMediaTest" />
  </testsuite>
  <testsuite name="ConverterRequestHandlerTest" tests="2" failures="0" disabled="0" errors="0" time="0.023">
    <testcase name="DoHandleResponse" value_param="" type_param="" status="run" time="0" classname="ConverterRequestHandlerTest" />
    <testcase name="DoHandleGetSeatZoneInfo" value_param="" type_param="" status="run" time="0.022" classname="ConverterRequestHandlerTest" />
  </testsuite>
</testsuites>
